Using pre-set license
Built from '2020.3/release' branch; Version is '2020.3.12f1 (b3b2c6512326) revision 11776710'; Using compiler version '192528614'; Build Type 'Release'
OS: 'Windows 10 Home Single Language; OS build 19044.2006; Version 2009; 64bit' Language: 'en' Physical Memory: 7908 MB
BatchMode: 1, IsHumanControllingUs: 0, StartBugReporterOnCrash: 0, Is64bit: 1, IsPro: 0

 COMMAND LINE ARGUMENTS:
D:\APPLICATIONS\2020.3.12f1\Editor\Unity.exe
-adb2
-batchMode
-noUpm
-name
AssetImportWorker0
-projectPath
D:/AR APPLICATION/Original Project 1/Test project 2/ARapplication2
-logFile
Logs/AssetImportWorker0.log
-srvPort
60763
Successfully changed project path to: D:/AR APPLICATION/Original Project 1/Test project 2/ARapplication2
D:/AR APPLICATION/Original Project 1/Test project 2/ARapplication2
Using Asset Import Pipeline V2.
Refreshing native plugins compatible for Editor in 1467.82 ms, found 5 plugins.
Preloading 1 native plugins for Editor in 2.30 ms.
Initialize engine version: 2020.3.12f1 (b3b2c6512326)
[Subsystems] Discovering subsystems at path D:/APPLICATIONS/2020.3.12f1/Editor/Data/Resources/UnitySubsystems
[Subsystems] Discovering subsystems at path D:/AR APPLICATION/Original Project 1/Test project 2/ARapplication2/Assets
GfxDevice: creating device client; threaded=0
Direct3D:
    Version:  Direct3D 11.0 [level 11.1]
    Renderer: NVIDIA GeForce MX250 (ID=0x1d13)
    Vendor:   
    VRAM:     1983 MB
    Driver:   26.21.14.4137
Shader 'PointClouds/PointSplat': fallback shader 'PointClouds/PointSplatLegacy' not found
Initialize mono
Mono path[0] = 'D:/APPLICATIONS/2020.3.12f1/Editor/Data/Managed'
Mono path[1] = 'D:/APPLICATIONS/2020.3.12f1/Editor/Data/MonoBleedingEdge/lib/mono/unityjit'
Mono config path = 'D:/APPLICATIONS/2020.3.12f1/Editor/Data/MonoBleedingEdge/etc'
Using monoOptions --debugger-agent=transport=dt_socket,embedding=1,server=y,suspend=n,address=127.0.0.1:56572
Begin MonoManager ReloadAssembly
