Using pre-set license
Built from '2020.3/release' branch; Version is '2020.3.12f1 (b3b2c6512326) revision 11776710'; Using compiler version '192528614'; Build Type 'Release'
OS: 'Windows 10 Home Single Language; OS build 19044.2006; Version 2009; 64bit' Language: 'en' Physical Memory: 7908 MB
BatchMode: 1, IsHumanControllingUs: 0, StartBugReporterOnCrash: 0, Is64bit: 1, IsPro: 0

 COMMAND LINE ARGUMENTS:
D:\APPLICATIONS\2020.3.12f1\Editor\Unity.exe
-adb2
-batchMode
-noUpm
-name
AssetImportWorker2
-projectPath
D:/AR APPLICATION/Original Project 1/Test project 2/ARapplication2
-logFile
Logs/AssetImportWorker2.log
-srvPort
60763
Successfully changed project path to: D:/AR APPLICATION/Original Project 1/Test project 2/ARapplication2
D:/AR APPLICATION/Original Project 1/Test project 2/ARapplication2
Using Asset Import Pipeline V2.
Refreshing native plugins compatible for Editor in 117.54 ms, found 5 plugins.
Preloading 1 native plugins for Editor in 1.87 ms.
Initialize engine version: 2020.3.12f1 (b3b2c6512326)
[Subsystems] Discovering subsystems at path D:/APPLICATIONS/2020.3.12f1/Editor/Data/Resources/UnitySubsystems
[Subsystems] Discovering subsystems at path D:/AR APPLICATION/Original Project 1/Test project 2/ARapplication2/Assets
GfxDevice: creating device client; threaded=0
Direct3D:
    Version:  Direct3D 11.0 [level 11.1]
    Renderer: NVIDIA GeForce MX250 (ID=0x1d13)
    Vendor:   
    VRAM:     1983 MB
    Driver:   26.21.14.4137
Shader 'PointClouds/PointSplat': fallback shader 'PointClouds/PointSplatLegacy' not found
Initialize mono
Mono path[0] = 'D:/APPLICATIONS/2020.3.12f1/Editor/Data/Managed'
Mono path[1] = 'D:/APPLICATIONS/2020.3.12f1/Editor/Data/MonoBleedingEdge/lib/mono/unityjit'
Mono config path = 'D:/APPLICATIONS/2020.3.12f1/Editor/Data/MonoBleedingEdge/etc'
Using monoOptions --debugger-agent=transport=dt_socket,embedding=1,server=y,suspend=n,address=127.0.0.1:56300
Begin MonoManager ReloadAssembly
Registering precompiled unity dll's ...
Register platform support module: D:/APPLICATIONS/2020.3.12f1/Editor/Data/PlaybackEngines/WebGLSupport/UnityEditor.WebGL.Extensions.dll
Register platform support module: D:/APPLICATIONS/2020.3.12f1/Editor/Data/PlaybackEngines/WindowsStandaloneSupport/UnityEditor.WindowsStandalone.Extensions.dll
Registered in 0.002593 seconds.
Native extension for WindowsStandalone target not found
Native extension for WebGL target not found
Refreshing native plugins compatible for Editor in 82.94 ms, found 5 plugins.
Preloading 1 native plugins for Editor in 0.07 ms.
Mono: successfully reloaded assembly
- Completed reload, in  3.801 seconds
Platform modules already initialized, skipping
Registering precompiled user dll's ...
Registered in 0.015370 seconds.
Begin MonoManager ReloadAssembly
Native extension for WindowsStandalone target not found
Native extension for WebGL target not found
Refreshing native plugins compatible for Editor in 1.22 ms, found 5 plugins.
Preloading 1 native plugins for Editor in 0.09 ms.
System.NullReferenceException: Object reference not set to an instance of an object
  at Vuforia.EditorClasses.ExtensionTypeProvider.GetVuforiaPackageAbsPath () [0x0004a] in <664162e2bf7f40388b13ee61d1693ae2>:0 
  at Vuforia.EditorClasses.ExtensionTypeProvider.IsPackageManager () [0x00000] in <664162e2bf7f40388b13ee61d1693ae2>:0 
  at Vuforia.EditorClasses.ExtensionTypeProvider.ResolvePluginType () [0x00009] in <664162e2bf7f40388b13ee61d1693ae2>:0 
  at Vuforia.EditorClasses.ExtensionTypeProvider.GetPluginType () [0x0000c] in <664162e2bf7f40388b13ee61d1693ae2>:0 
  at Vuforia.EditorClasses.VuforiaUtilities.IsVuforiaEnabledInPlayerSettings () [0x00000] in <664162e2bf7f40388b13ee61d1693ae2>:0 
  at VuforiaEnabledObserver..cctor () [0x00000] in <664162e2bf7f40388b13ee61d1693ae2>:0 
UnityEngine.StackTraceUtility:ExtractStackTrace ()
UnityEngine.DebugLogHandler:LogFormat (UnityEngine.LogType,UnityEngine.Object,string,object[])
UnityEngine.Logger:Log (UnityEngine.LogType,object)
UnityEngine.Debug:LogError (object)
UnityEditor.EditorAssemblies:ProcessInitializeOnLoadAttributes (System.Type[])

System.NullReferenceException: Object reference not set to an instance of an object
  at Vuforia.EditorClasses.ExtensionTypeProvider.GetVuforiaPackageAbsPath () [0x0004a] in <664162e2bf7f40388b13ee61d1693ae2>:0 
  at Vuforia.EditorClasses.ExtensionTypeProvider.IsPackageManager () [0x00000] in <664162e2bf7f40388b13ee61d1693ae2>:0 
  at Vuforia.EditorClasses.ExtensionTypeProvider.ResolvePluginType () [0x00009] in <664162e2bf7f40388b13ee61d1693ae2>:0 
  at Vuforia.EditorClasses.ExtensionTypeProvider.GetPluginType () [0x0000c] in <664162e2bf7f40388b13ee61d1693ae2>:0 
  at Vuforia.EditorClasses.VuforiaUtilities.IsVuforiaEnabledInPlayerSettings () [0x00000] in <664162e2bf7f40388b13ee61d1693ae2>:0 
  at Vuforia.EditorClasses.InitializeOnLoadVuforiaTaskRunner..cctor () [0x00015] in <664162e2bf7f40388b13ee61d1693ae2>:0 
UnityEngine.StackTraceUtility:ExtractStackTrace ()
UnityEngine.DebugLogHandler:LogFormat (UnityEngine.LogType,UnityEngine.Object,string,object[])
UnityEngine.Logger:Log (UnityEngine.LogType,object)
UnityEngine.Debug:LogError (object)
UnityEditor.EditorAssemblies:ProcessInitializeOnLoadAttributes (System.Type[])

Mono: successfully reloaded assembly
- Completed reload, in  4.044 seconds
Platform modules already initialized, skipping
========================================================================
Worker process is ready to serve import requests
Shader 'PointClouds/PointSplat': fallback shader 'PointClouds/PointSplatLegacy' not found
Launched and connected shader compiler UnityShaderCompiler.exe after 0.22 seconds
Refreshing native plugins compatible for Editor in 1.17 ms, found 5 plugins.
Preloading 1 native plugins for Editor in 0.09 ms.
Unloading 1764 Unused Serialized files (Serialized files now loaded: 0)
System memory in use before: 86.6 MB.
System memory in use after: 86.6 MB.

Unloading 54 unused Assets to reduce memory usage. Loaded Objects now: 2456.
Total: 4.266900 ms (FindLiveObjects: 0.322100 ms CreateObjectMapping: 0.157600 ms MarkObjects: 3.653900 ms  DeleteObjects: 0.131200 ms)

AssetImportParameters requested are different than current active one (requested -> active):
  custom:framework-win-MediaFoundation: 216162199b28c13a410421893ffa2e32 -> 
  custom:video-decoder-ogg-theora: a1e56fd34408186e4bbccfd4996cb3dc -> 
  custom:container-muxer-webm: aa71ff27fc2769a1b78a27578f13a17b -> 
  custom:container-demuxer-webm: 4f35f7cbe854078d1ac9338744f61a02 -> 
  custom:container-demuxer-ogg: 62fdf1f143b41e24485cea50d1cbac27 -> 
  custom:video-encoder-webm-vp8: eb34c28f22e8b96e1ab97ce403110664 -> 
  custom:video-decoder-webm-vp8: 9c59270c3fd7afecdb556c50c9e8de78 -> 
  custom:audio-decoder-ogg-vorbis: bf7c407c2cedff20999df2af8eb42d56 -> 
  custom:audio-encoder-webm-vorbis: bf7c407c2cedff20999df2af8eb42d56 -> 
========================================================================
Received Import Request.
  path: Assets/loading-buffer 1.png
  artifactKey: Guid(03f5ff2999a18774f99a4367b026fe9a) Importer(815301076,1909f56bfc062723c751e8b465ee728b)
Start importing Assets/loading-buffer 1.png using Guid(03f5ff2999a18774f99a4367b026fe9a) Importer(815301076,1909f56bfc062723c751e8b465ee728b)  -> (artifact id: 'c0f6ef1057b683757e56578134bc1685') in 0.814365 seconds 
  Import took 0.821260 seconds .

========================================================================
Received Import Request.
  Time since last request: 0.000502 seconds.
  path: Assets/NewAssembly.asmdef
  artifactKey: Guid(f3f3ab38ae9450e418c3f9c44a5aaf15) Importer(815301076,1909f56bfc062723c751e8b465ee728b)
Start importing Assets/NewAssembly.asmdef using Guid(f3f3ab38ae9450e418c3f9c44a5aaf15) Importer(815301076,1909f56bfc062723c751e8b465ee728b)  -> (artifact id: 'd4b5c861ab71c81d7b823cf376fa854a') in 0.026510 seconds 
  Import took 0.032010 seconds .

========================================================================
Received Import Request.
  Time since last request: 0.000491 seconds.
  path: Assets/benz.obj
  artifactKey: Guid(2c0cc0e64d66cbf4f85cb9b0522a102b) Importer(815301076,1909f56bfc062723c751e8b465ee728b)
Start importing Assets/benz.obj using Guid(2c0cc0e64d66cbf4f85cb9b0522a102b) Importer(815301076,1909f56bfc062723c751e8b465ee728b)  -> (artifact id: 'be3f08094fa8d9754df717b334593d9b') in 0.872291 seconds 
  Import took 0.878752 seconds .

========================================================================
Received Import Request.
  Time since last request: 0.000521 seconds.
  path: Assets/Tree.prefab
  artifactKey: Guid(657f4d745c0509245b8f21193a03c92e) Importer(815301076,1909f56bfc062723c751e8b465ee728b)
Start importing Assets/Tree.prefab using Guid(657f4d745c0509245b8f21193a03c92e) Importer(815301076,1909f56bfc062723c751e8b465ee728b)  -> (artifact id: 'c156179cbd0985014c4d1cc1a2d1470c') in 0.340018 seconds 
  Import took 0.346154 seconds .

AssetImportWorkerClient::OnTransportError - code=2 error=End of file
